[2023-06-25 16:53:54] Текст ошибки: Undefined variable $marches | Файл: C:\OSPanel\domains\new-ishop.loc\vendor\wfm\Router.php | Строка: 37
=================
[2023-06-25 17:05:53] Текст ошибки: Call to undefined function wfm\isiset() | Файл: C:\OSPanel\domains\new-ishop.loc\vendor\wfm\Router.php | Строка: 45
=================
[2023-06-25 17:06:05] Текст ошибки: Call to undefined function wfm\issset() | Файл: C:\OSPanel\domains\new-ishop.loc\vendor\wfm\Router.php | Строка: 45
=================
[2023-06-27 11:39:20] Текст ошибки: Страница не найдена | Файл: C:\OSPanel\domains\new-ishop.loc\vendor\wfm\Router.php | Строка: 31
=================
[2023-06-27 11:42:53] Текст ошибки: Контроллер \app\controllers\PageController не найден | Файл: C:\OSPanel\domains\new-ishop.loc\vendor\wfm\Router.php | Строка: 34
=================
[2023-06-27 11:42:59] Текст ошибки: Контроллер \app\controllers\PageController не найден | Файл: C:\OSPanel\domains\new-ishop.loc\vendor\wfm\Router.php | Строка: 34
=================
[2023-06-27 11:43:13] Текст ошибки: Контроллер \app\controllers\PageController не найден | Файл: C:\OSPanel\domains\new-ishop.loc\vendor\wfm\Router.php | Строка: 34
=================
[2023-06-27 11:45:23] Текст ошибки: Контроллер \app\controllers\PageController не найден | Файл: C:\OSPanel\domains\new-ishop.loc\vendor\wfm\Router.php | Строка: 38
=================
[2023-06-27 11:45:29] Текст ошибки: Контроллер \app\controllers\MainController не найден | Файл: C:\OSPanel\domains\new-ishop.loc\vendor\wfm\Router.php | Строка: 38
=================
[2023-06-27 11:46:23] Текст ошибки: method_exists() expects exactly 2 arguments, 1 given | Файл: C:\OSPanel\domains\new-ishop.loc\vendor\wfm\Router.php | Строка: 32
=================
[2023-06-27 11:46:54] Текст ошибки: Метод \app\controllers\MainController::indexAction не найден | Файл: C:\OSPanel\domains\new-ishop.loc\vendor\wfm\Router.php | Строка: 35
=================
[2023-06-27 11:50:22] Текст ошибки: Метод \app\controllers\admin\MainController::indexAction не найден | Файл: C:\OSPanel\domains\new-ishop.loc\vendor\wfm\Router.php | Строка: 35
=================
[2023-06-27 11:52:40] Текст ошибки: Страница не найдена | Файл: C:\OSPanel\domains\new-ishop.loc\vendor\wfm\Router.php | Строка: 42
=================
[2023-06-28 22:55:46] Текст ошибки: Страница не найдена | Файл: C:\OSPanel\domains\new-ishop.loc\vendor\wfm\Router.php | Строка: 42
=================
[2023-06-28 22:56:19] Текст ошибки: Страница не найдена | Файл: C:\OSPanel\domains\new-ishop.loc\vendor\wfm\Router.php | Строка: 42
=================
[2023-06-28 22:58:32] Текст ошибки: Страница не найдена | Файл: C:\OSPanel\domains\new-ishop.loc\vendor\wfm\Router.php | Строка: 42
=================
[2023-06-28 22:58:39] Текст ошибки: Страница не найдена | Файл: C:\OSPanel\domains\new-ishop.loc\vendor\wfm\Router.php | Строка: 42
=================
[2023-06-28 22:58:58] Текст ошибки: Страница не найдена | Файл: C:\OSPanel\domains\new-ishop.loc\vendor\wfm\Router.php | Строка: 43
=================
[2023-06-29 21:58:50] Текст ошибки: Страница не найдена | Файл: C:\OSPanel\domains\new-ishop.loc\vendor\wfm\Router.php | Строка: 59
=================
[2023-06-29 22:30:35] Текст ошибки: Call to undefined method app\controllers\admin\MainController::getModel() | Файл: C:\OSPanel\domains\new-ishop.loc\vendor\wfm\Router.php | Строка: 46
=================
[2023-06-29 22:42:13] Текст ошибки: Call to undefined method app\controllers\PageController::getModel() | Файл: C:\OSPanel\domains\new-ishop.loc\vendor\wfm\Router.php | Строка: 45
=================
[2023-06-29 22:44:51] Текст ошибки: Не найден вид C:\OSPanel\domains\new-ishop.loc/app/views/Main/index.php | Файл: C:\OSPanel\domains\new-ishop.loc\vendor\wfm\View.php | Строка: 32
=================
[2023-06-29 22:45:44] Текст ошибки: Не найден вид C:\OSPanel\domains\new-ishop.loc/app/views/Main/index.php | Файл: C:\OSPanel\domains\new-ishop.loc\vendor\wfm\View.php | Строка: 32
=================
[2023-06-29 22:51:58] Текст ошибки: Не найден шаблон C:\OSPanel\domains\new-ishop.loc/app/views/layouts/ishop.php | Файл: C:\OSPanel\domains\new-ishop.loc\vendor\wfm\View.php | Строка: 44
=================
[2023-06-29 22:52:54] Текст ошибки: Не найден шаблон C:\OSPanel\domains\new-ishop.loc/app/views/layouts/test.php | Файл: C:\OSPanel\domains\new-ishop.loc\vendor\wfm\View.php | Строка: 44
=================
[2023-06-29 22:53:35] Текст ошибки: Не найден шаблон C:\OSPanel\domains\new-ishop.loc/app/views/layouts/test2.php | Файл: C:\OSPanel\domains\new-ishop.loc\vendor\wfm\View.php | Строка: 44
=================
[2023-07-03 13:54:26] Текст ошибки: Страница не найдена | Файл: C:\OSPanel\domains\new-ishop.loc\vendor\wfm\Router.php | Строка: 59
=================
[2023-07-03 14:00:47] Текст ошибки: syntax error, unexpected token "echo" | Файл: C:\OSPanel\domains\new-ishop.loc\app\views\Main\index.php | Строка: 3
=================
[2023-07-03 14:00:48] Текст ошибки: syntax error, unexpected token "echo" | Файл: C:\OSPanel\domains\new-ishop.loc\app\views\Main\index.php | Строка: 3
=================
[2023-07-03 14:02:08] Текст ошибки: Call to undefined method app\controllers\MainController::set() | Файл: C:\OSPanel\domains\new-ishop.loc\app\controllers\MainController.php | Строка: 13
=================
[2023-07-03 14:02:59] Текст ошибки: syntax error, unexpected token "echo" | Файл: C:\OSPanel\domains\new-ishop.loc\app\views\Main\index.php | Строка: 3
=================
[2023-07-03 14:07:23] Текст ошибки: Undefined variable $test | Файл: C:\OSPanel\domains\new-ishop.loc\app\views\Main\index.php | Строка: 3
=================
[2023-07-04 21:20:14] Текст ошибки: Страница не найдена | Файл: C:\OSPanel\domains\new-ishop.loc\vendor\wfm\Router.php | Строка: 59
=================
[2023-07-10 20:59:54] Текст ошибки: Страница не найдена | Файл: C:\OSPanel\domains\new-ishop.loc\vendor\wfm\Router.php | Строка: 59
=================
[2023-07-11 09:58:26] Текст ошибки: Страница не найдена | Файл: C:\OSPanel\domains\new-ishop.loc\vendor\wfm\Router.php | Строка: 59
=================
[2023-07-11 09:58:26] Текст ошибки: Страница не найдена | Файл: C:\OSPanel\domains\new-ishop.loc\vendor\wfm\Router.php | Строка: 59
=================
[2023-07-11 09:58:26] Текст ошибки: Страница не найдена | Файл: C:\OSPanel\domains\new-ishop.loc\vendor\wfm\Router.php | Строка: 59
=================
[2023-07-11 09:58:26] Текст ошибки: Страница не найдена | Файл: C:\OSPanel\domains\new-ishop.loc\vendor\wfm\Router.php | Строка: 59
=================
[2023-07-11 09:58:26] Текст ошибки: Страница не найдена | Файл: C:\OSPanel\domains\new-ishop.loc\vendor\wfm\Router.php | Строка: 59
=================
[2023-07-11 09:58:26] Текст ошибки: Страница не найдена | Файл: C:\OSPanel\domains\new-ishop.loc\vendor\wfm\Router.php | Строка: 59
=================
[2023-07-11 09:58:26] Текст ошибки: Страница не найдена | Файл: C:\OSPanel\domains\new-ishop.loc\vendor\wfm\Router.php | Строка: 59
=================
[2023-07-11 09:58:26] Текст ошибки: Страница не найдена | Файл: C:\OSPanel\domains\new-ishop.loc\vendor\wfm\Router.php | Строка: 59
=================
[2023-07-11 09:58:26] Текст ошибки: Страница не найдена | Файл: C:\OSPanel\domains\new-ishop.loc\vendor\wfm\Router.php | Строка: 59
=================
[2023-07-11 09:58:26] Текст ошибки: Страница не найдена | Файл: C:\OSPanel\domains\new-ishop.loc\vendor\wfm\Router.php | Строка: 59
=================
[2023-07-11 09:58:26] Текст ошибки: Страница не найдена | Файл: C:\OSPanel\domains\new-ishop.loc\vendor\wfm\Router.php | Строка: 59
=================
[2023-07-11 09:58:26] Текст ошибки: Страница не найдена | Файл: C:\OSPanel\domains\new-ishop.loc\vendor\wfm\Router.php | Строка: 59
=================
[2023-07-11 09:58:26] Текст ошибки: Страница не найдена | Файл: C:\OSPanel\domains\new-ishop.loc\vendor\wfm\Router.php | Строка: 59
=================
[2023-07-11 09:58:26] Текст ошибки: Страница не найдена | Файл: C:\OSPanel\domains\new-ishop.loc\vendor\wfm\Router.php | Строка: 59
=================
[2023-07-11 09:58:26] Текст ошибки: Страница не найдена | Файл: C:\OSPanel\domains\new-ishop.loc\vendor\wfm\Router.php | Строка: 59
=================
[2023-07-11 10:02:41] Текст ошибки: Страница не найдена | Файл: C:\OSPanel\domains\new-ishop.loc\vendor\wfm\Router.php | Строка: 59
=================
[2023-07-11 10:02:41] Текст ошибки: Страница не найдена | Файл: C:\OSPanel\domains\new-ishop.loc\vendor\wfm\Router.php | Строка: 59
=================
[2023-07-11 10:02:41] Текст ошибки: Страница не найдена | Файл: C:\OSPanel\domains\new-ishop.loc\vendor\wfm\Router.php | Строка: 59
=================
[2023-07-11 10:02:41] Текст ошибки: Страница не найдена | Файл: C:\OSPanel\domains\new-ishop.loc\vendor\wfm\Router.php | Строка: 59
=================
[2023-07-11 10:02:41] Текст ошибки: Страница не найдена | Файл: C:\OSPanel\domains\new-ishop.loc\vendor\wfm\Router.php | Строка: 59
=================
[2023-07-11 10:02:41] Текст ошибки: Страница не найдена | Файл: C:\OSPanel\domains\new-ishop.loc\vendor\wfm\Router.php | Строка: 59
=================
[2023-07-11 10:02:41] Текст ошибки: Страница не найдена | Файл: C:\OSPanel\domains\new-ishop.loc\vendor\wfm\Router.php | Строка: 59
=================
[2023-07-11 10:02:41] Текст ошибки: Страница не найдена | Файл: C:\OSPanel\domains\new-ishop.loc\vendor\wfm\Router.php | Строка: 59
=================
[2023-07-11 10:02:41] Текст ошибки: Страница не найдена | Файл: C:\OSPanel\domains\new-ishop.loc\vendor\wfm\Router.php | Строка: 59
=================
[2023-07-11 10:02:41] Текст ошибки: Страница не найдена | Файл: C:\OSPanel\domains\new-ishop.loc\vendor\wfm\Router.php | Строка: 59
=================
[2023-07-11 10:02:41] Текст ошибки: Страница не найдена | Файл: C:\OSPanel\domains\new-ishop.loc\vendor\wfm\Router.php | Строка: 59
=================
[2023-07-11 10:02:41] Текст ошибки: Страница не найдена | Файл: C:\OSPanel\domains\new-ishop.loc\vendor\wfm\Router.php | Строка: 59
=================
[2023-07-11 10:03:10] Текст ошибки: Страница не найдена | Файл: C:\OSPanel\domains\new-ishop.loc\vendor\wfm\Router.php | Строка: 59
=================
[2023-07-11 10:03:10] Текст ошибки: Страница не найдена | Файл: C:\OSPanel\domains\new-ishop.loc\vendor\wfm\Router.php | Строка: 59
=================
[2023-07-11 10:03:10] Текст ошибки: Страница не найдена | Файл: C:\OSPanel\domains\new-ishop.loc\vendor\wfm\Router.php | Строка: 59
=================
[2023-07-11 10:03:10] Текст ошибки: Страница не найдена | Файл: C:\OSPanel\domains\new-ishop.loc\vendor\wfm\Router.php | Строка: 59
=================
[2023-07-11 10:03:10] Текст ошибки: Страница не найдена | Файл: C:\OSPanel\domains\new-ishop.loc\vendor\wfm\Router.php | Строка: 59
=================
[2023-07-11 10:03:10] Текст ошибки: Страница не найдена | Файл: C:\OSPanel\domains\new-ishop.loc\vendor\wfm\Router.php | Строка: 59
=================
[2023-07-11 10:03:10] Текст ошибки: Страница не найдена | Файл: C:\OSPanel\domains\new-ishop.loc\vendor\wfm\Router.php | Строка: 59
=================
[2023-07-11 10:03:10] Текст ошибки: Страница не найдена | Файл: C:\OSPanel\domains\new-ishop.loc\vendor\wfm\Router.php | Строка: 59
=================
[2023-07-11 10:03:10] Текст ошибки: Страница не найдена | Файл: C:\OSPanel\domains\new-ishop.loc\vendor\wfm\Router.php | Строка: 59
=================
[2023-07-11 10:03:10] Текст ошибки: Страница не найдена | Файл: C:\OSPanel\domains\new-ishop.loc\vendor\wfm\Router.php | Строка: 59
=================
[2023-07-11 10:03:10] Текст ошибки: Страница не найдена | Файл: C:\OSPanel\domains\new-ishop.loc\vendor\wfm\Router.php | Строка: 59
=================
[2023-07-11 10:03:10] Текст ошибки: Страница не найдена | Файл: C:\OSPanel\domains\new-ishop.loc\vendor\wfm\Router.php | Строка: 59
=================
[2023-07-11 10:05:44] Текст ошибки: Страница не найдена | Файл: C:\OSPanel\domains\new-ishop.loc\vendor\wfm\Router.php | Строка: 59
=================
[2023-07-11 10:05:44] Текст ошибки: Страница не найдена | Файл: C:\OSPanel\domains\new-ishop.loc\vendor\wfm\Router.php | Строка: 59
=================
[2023-07-11 10:05:44] Текст ошибки: Страница не найдена | Файл: C:\OSPanel\domains\new-ishop.loc\vendor\wfm\Router.php | Строка: 59
=================
[2023-07-11 10:05:44] Текст ошибки: Страница не найдена | Файл: C:\OSPanel\domains\new-ishop.loc\vendor\wfm\Router.php | Строка: 59
=================
[2023-07-11 10:05:44] Текст ошибки: Страница не найдена | Файл: C:\OSPanel\domains\new-ishop.loc\vendor\wfm\Router.php | Строка: 59
=================
[2023-07-11 10:05:44] Текст ошибки: Страница не найдена | Файл: C:\OSPanel\domains\new-ishop.loc\vendor\wfm\Router.php | Строка: 59
=================
[2023-07-11 10:05:44] Текст ошибки: Страница не найдена | Файл: C:\OSPanel\domains\new-ishop.loc\vendor\wfm\Router.php | Строка: 59
=================
[2023-07-11 10:05:44] Текст ошибки: Страница не найдена | Файл: C:\OSPanel\domains\new-ishop.loc\vendor\wfm\Router.php | Строка: 59
=================
[2023-07-11 10:05:44] Текст ошибки: Страница не найдена | Файл: C:\OSPanel\domains\new-ishop.loc\vendor\wfm\Router.php | Строка: 59
=================
[2023-07-11 10:05:44] Текст ошибки: Страница не найдена | Файл: C:\OSPanel\domains\new-ishop.loc\vendor\wfm\Router.php | Строка: 59
=================
[2023-07-11 11:59:07] Текст ошибки: Cannot declare class app\models\Main, because the name is already in use | Файл: C:\OSPanel\domains\new-ishop.loc\app\models\AppModel.php | Строка: 5
=================
[2023-07-11 12:21:53] Текст ошибки: Cannot declare class app\models\Main, because the name is already in use | Файл: C:\OSPanel\domains\new-ishop.loc\app\models\AppModel.php | Строка: 5
=================
[2023-07-11 12:22:27] Текст ошибки: Class "app\models\Model" not found | Файл: C:\OSPanel\domains\new-ishop.loc\app\models\AppModel.php | Строка: 5
=================
[2023-07-11 15:50:26] Текст ошибки: Страница не найдена | Файл: C:\OSPanel\domains\new-ishop.loc\vendor\core\Router.php | Строка: 59
=================
[2023-07-11 15:52:10] Текст ошибки: Undefined variable $slides | Файл: C:\OSPanel\domains\new-ishop.loc\app\views\Main\index.php | Строка: 6
=================
[2023-07-11 15:52:29] Текст ошибки: Undefined variable $slides | Файл: C:\OSPanel\domains\new-ishop.loc\app\views\Main\index.php | Строка: 6
=================
